\BOOKMARK [1][-]{section.1}{\376\377\000I\000n\000t\000r\000o\000d\000u\000c\000t\000i\000o\000n}{}% 1
\BOOKMARK [1][-]{section.2}{\376\377\000T\000h\000e\000\040\000P\000r\000o\000t\000o\000c\000o\000l}{}% 2
\BOOKMARK [2][-]{subsection.2.1}{\376\377\000S\000t\000a\000t\000e\000s\000\040\000a\000n\000d\000\040\000T\000r\000a\000n\000s\000i\000t\000i\000o\000n\000\040\000R\000u\000l\000e\000s}{section.2}% 3
\BOOKMARK [2][-]{subsection.2.2}{\376\377\000C\000o\000n\000f\000i\000g\000u\000r\000a\000t\000i\000o\000n\000s}{section.2}% 4
\BOOKMARK [1][-]{section.3}{\376\377\000L\000e\000a\000n\000\040\000F\000o\000r\000m\000a\000l\000i\000z\000a\000t\000i\000o\000n\000\040\000S\000t\000r\000a\000t\000e\000g\000y}{}% 5
\BOOKMARK [2][-]{subsection.3.1}{\376\377\000D\000e\000s\000i\000g\000n\000\040\000D\000e\000c\000i\000s\000i\000o\000n\000s}{section.3}% 6
\BOOKMARK [2][-]{subsection.3.2}{\376\377\000P\000r\000o\000j\000e\000c\000t\000\040\000S\000t\000r\000u\000c\000t\000u\000r\000e}{section.3}% 7
\BOOKMARK [1][-]{section.4}{\376\377\000T\000y\000p\000e\000\040\000D\000e\000f\000i\000n\000i\000t\000i\000o\000n\000s}{}% 8
\BOOKMARK [2][-]{subsection.4.1}{\376\377\000S\000t\000a\000t\000e}{section.4}% 9
\BOOKMARK [2][-]{subsection.4.2}{\376\377\000T\000r\000a\000n\000s\000i\000t\000i\000o\000n\000\040\000F\000u\000n\000c\000t\000i\000o\000n}{section.4}% 10
\BOOKMARK [2][-]{subsection.4.3}{\376\377\000C\000o\000n\000f\000i\000g\000u\000r\000a\000t\000i\000o\000n}{section.4}% 11
\BOOKMARK [1][-]{section.5}{\376\377\000S\000t\000e\000p\000\040\000F\000u\000n\000c\000t\000i\000o\000n}{}% 12
\BOOKMARK [1][-]{section.6}{\376\377\000I\000n\000v\000a\000r\000i\000a\000n\000t\000\040\000P\000r\000o\000o\000f\000s}{}% 13
\BOOKMARK [2][-]{subsection.6.1}{\376\377\000P\000o\000p\000u\000l\000a\000t\000i\000o\000n\000\040\000S\000i\000z\000e}{section.6}% 14
\BOOKMARK [2][-]{subsection.6.2}{\376\377\000O\000n\000e\000-\000W\000a\000y\000\040\000P\000r\000o\000p\000e\000r\000t\000y}{section.6}% 15
\BOOKMARK [2][-]{subsection.6.3}{\376\377\000G\000a\000p\000\040\000B\000o\000u\000n\000d\000e\000d\000\040\000C\000h\000a\000n\000g\000e}{section.6}% 16
\BOOKMARK [2][-]{subsection.6.4}{\376\377\000A\000b\000s\000o\000r\000b\000i\000n\000g\000\040\000S\000t\000a\000t\000e\000s}{section.6}% 17
\BOOKMARK [2][-]{subsection.6.5}{\376\377\000L\000a\000s\000t\000\040\000A\000g\000e\000n\000t\000\040\000S\000u\000r\000v\000i\000v\000a\000l}{section.6}% 18
\BOOKMARK [1][-]{section.7}{\376\377\000P\000r\000o\000b\000a\000b\000i\000l\000i\000s\000t\000i\000c\000\040\000F\000r\000a\000m\000e\000w\000o\000r\000k}{}% 19
\BOOKMARK [2][-]{subsection.7.1}{\376\377\000U\000n\000i\000f\000o\000r\000m\000\040\000R\000a\000n\000d\000o\000m\000\040\000S\000c\000h\000e\000d\000u\000l\000e\000r}{section.7}% 20
\BOOKMARK [2][-]{subsection.7.2}{\376\377\000O\000n\000e\000-\000S\000t\000e\000p\000\040\000D\000i\000s\000t\000r\000i\000b\000u\000t\000i\000o\000n}{section.7}% 21
\BOOKMARK [2][-]{subsection.7.3}{\376\377\000M\000a\000r\000k\000o\000v\000\040\000C\000h\000a\000i\000n\000\040\000\050\000S\000t\000u\000b\000\051}{section.7}% 22
\BOOKMARK [1][-]{section.8}{\376\377\000P\000r\000o\000o\000f\000\040\000T\000e\000c\000h\000n\000i\000q\000u\000e\000s}{}% 23
\BOOKMARK [1][-]{section.9}{\376\377\000C\000h\000a\000l\000l\000e\000n\000g\000e\000s\000\040\000a\000n\000d\000\040\000F\000u\000t\000u\000r\000e\000\040\000W\000o\000r\000k}{}% 24
\BOOKMARK [2][-]{subsection.9.1}{\376\377\000C\000h\000a\000l\000l\000e\000n\000g\000e\000s\000\040\000E\000n\000c\000o\000u\000n\000t\000e\000r\000e\000d}{section.9}% 25
\BOOKMARK [2][-]{subsection.9.2}{\376\377\000F\000u\000t\000u\000r\000e\000\040\000W\000o\000r\000k}{section.9}% 26
